<?xml version="1.0" encoding="UTF-8"?>
<testng-results ignored="0" total="2" passed="2" failed="0" skipped="0">
  <reporter-output>
  </reporter-output>
  <suite started-at="2022-08-26T13:42:14 EEST" name="Chrome Google Smoke test" finished-at="2022-08-26T13:43:20 EEST" duration-ms="66314">
    <groups>
    </groups>
    <test started-at="2022-08-26T13:42:14 EEST" name="hurtMePlenty" finished-at="2022-08-26T13:42:43 EEST" duration-ms="29131">
      <class name="TestCase.HurtMePlenty">
        <test-method is-config="true" signature="setUp(java.lang.String)[pri:0, instance:TestCase.HurtMePlenty@3527942a]" started-at="2022-08-26T13:42:14 EEST" name="setUp" finished-at="2022-08-26T13:42:17 EEST" duration-ms="2653" status="PASS">
          <params>
            <param index="0">
              <value>
                <![CDATA[chrome]]>
              </value>
            </param>
          </params>
          <reporter-output>
          </reporter-output>
        </test-method> <!-- setUp -->
        <test-method signature="hurtMePlenty()[pri:0, instance:TestCase.HurtMePlenty@3527942a]" started-at="2022-08-26T13:42:17 EEST" name="hurtMePlenty" finished-at="2022-08-26T13:42:42 EEST" duration-ms="25764" status="PASS">
          <reporter-output>
          </reporter-output>
        </test-method> <!-- hurtMePlenty -->
        <test-method is-config="true" signature="tearDown()[pri:0, instance:TestCase.HurtMePlenty@3527942a]" started-at="2022-08-26T13:42:42 EEST" name="tearDown" finished-at="2022-08-26T13:42:43 EEST" duration-ms="677" status="PASS">
          <reporter-output>
          </reporter-output>
        </test-method> <!-- tearDown -->
      </class> <!-- TestCase.HurtMePlenty -->
    </test> <!-- hurtMePlenty -->
    <test started-at="2022-08-26T13:42:43 EEST" name="hardcore" finished-at="2022-08-26T13:43:20 EEST" duration-ms="37167">
      <class name="TestCase.Hardcore">
        <test-method is-config="true" signature="setUp(java.lang.String)[pri:0, instance:TestCase.Hardcore@26d9b808]" started-at="2022-08-26T13:42:43 EEST" name="setUp" finished-at="2022-08-26T13:42:44 EEST" duration-ms="1476" status="PASS">
          <params>
            <param index="0">
              <value>
                <![CDATA[chrome]]>
              </value>
            </param>
          </params>
          <reporter-output>
          </reporter-output>
        </test-method> <!-- setUp -->
        <test-method signature="hardcore()[pri:0, instance:TestCase.Hardcore@26d9b808]" started-at="2022-08-26T13:42:44 EEST" name="hardcore" finished-at="2022-08-26T13:43:19 EEST" duration-ms="34984" status="PASS">
          <reporter-output>
          </reporter-output>
        </test-method> <!-- hardcore -->
        <test-method is-config="true" signature="tearDown()[pri:0, instance:TestCase.Hardcore@26d9b808]" started-at="2022-08-26T13:43:19 EEST" name="tearDown" finished-at="2022-08-26T13:43:20 EEST" duration-ms="706" status="PASS">
          <reporter-output>
          </reporter-output>
        </test-method> <!-- tearDown -->
      </class> <!-- TestCase.Hardcore -->
    </test> <!-- hardcore -->
  </suite> <!-- Chrome Google Smoke test -->
</testng-results>
